<?xml version="1.0" encoding="UTF-8"?>
<!-- Generated by org.testng.reporters.JUnitReportReporter -->
<testsuite hostname="DESKTOP-53AS3PC" name="twg.entaxy.tests.BrowserDashboardTest" tests="7" failures="0" timestamp="10 May 2019 16:57:47 GMT" time="70.253" errors="0">
  <testcase name="testSaveButtonEnableValidation" time="9.785" classname="twg.entaxy.tests.BrowserDashboardTest"/>
  <testcase name="importTransactionValidation" time="9.951" classname="twg.entaxy.tests.BrowserDashboardTest"/>
  <testcase name="accountLastUpdatedDateValidation" time="9.518" classname="twg.entaxy.tests.BrowserDashboardTest"/>
  <testcase name="testNegativeOpeningBalance" time="9.899" classname="twg.entaxy.tests.BrowserDashboardTest"/>
  <testcase name="testTransactionDuplication" time="10.400" classname="twg.entaxy.tests.BrowserDashboardTest"/>
  <testcase name="newAccountDateValidation" time="10.777" classname="twg.entaxy.tests.BrowserDashboardTest"/>
  <testcase name="accountNameValidation" time="9.923" classname="twg.entaxy.tests.BrowserDashboardTest"/>
</testsuite> <!-- twg.entaxy.tests.BrowserDashboardTest -->
