<?xml version="1.0" encoding="UTF-8"?>
<!-- Generated by org.testng.reporters.JUnitReportReporter -->
<testsuite hostname="DESKTOP-53AS3PC" name="twg.entaxy.tests.BrowserDashboardTest" tests="1" failures="0" timestamp="10 May 2019 02:46:47 GMT" time="3.896" errors="0">
  <testcase name="importTransactionValidation" time="3.896" classname="twg.entaxy.tests.BrowserDashboardTest"/>
</testsuite> <!-- twg.entaxy.tests.BrowserDashboardTest -->
