<?xml version="1.0" encoding="UTF-8"?>
<!-- Generated by org.testng.reporters.JUnitReportReporter -->
<testsuite hostname="DESKTOP-53AS3PC" name="twg.entaxy.tests.LandingPageTest" tests="1" failures="0" timestamp="10 May 2019 16:53:24 GMT" time="11.663" errors="0">
  <testcase name="testFeedbackEmail" time="11.663" classname="twg.entaxy.tests.LandingPageTest"/>
</testsuite> <!-- twg.entaxy.tests.LandingPageTest -->
