<?xml version="1.0" encoding="UTF-8"?>
<!-- Generated by org.testng.reporters.JUnitReportReporter -->
<testsuite skipped="0" hostname="DESKTOP-53AS3PC" name="twg.entaxy.tests.LandingPageTest" tests="1" failures="0" timestamp="10 May 2019 17:06:10 GMT" time="11.960" errors="0">
  <testcase name="testFeedbackEmail" time="11.960" classname="twg.entaxy.tests.LandingPageTest"/>
</testsuite> <!-- twg.entaxy.tests.LandingPageTest -->
